[debug] [2024-02-05T14:33:20.011Z] ----------------------------------------------------------------------
[debug] [2024-02-05T14:33:20.013Z] Command:       C:\Program Files\nodejs\node.exe C:\Users\angle\AppData\Roaming\npm\node_modules\firebase-tools\lib\bin\firebase.js init
[debug] [2024-02-05T14:33:20.013Z] CLI Version:   12.5.0
[debug] [2024-02-05T14:33:20.013Z] Platform:      win32
[debug] [2024-02-05T14:33:20.013Z] Node Version:  v18.17.0
[debug] [2024-02-05T14:33:20.014Z] Time:          Mon Feb 05 2024 23:33:20 GMT+0900 (대한민국 표준시)
[debug] [2024-02-05T14:33:20.014Z] ----------------------------------------------------------------------
[debug] 
[debug] [2024-02-05T14:33:20.017Z] >>> [apiv2][query] GET https://firebase-public.firebaseio.com/cli.json [none]
[debug] [2024-02-05T14:33:20.095Z] Object "" in "firebase.json" has unknown property: {"additionalProperty":"headers"}
[debug] [2024-02-05T14:33:20.100Z] > command requires scopes: ["email","openid","https://www.googleapis.com/auth/cloudplatformprojects.readonly","https://www.googleapis.com/auth/firebase","https://www.googleapis.com/auth/cloud-platform"]
[debug] [2024-02-05T14:33:20.100Z] > authorizing via signed-in user (angle3778@gmail.com)
[debug] [2024-02-05T14:33:20.101Z] Object "" in "firebase.json" has unknown property: {"additionalProperty":"headers"}
[info] 
     ######## #### ########  ######## ########     ###     ######  ########
     ##        ##  ##     ## ##       ##     ##  ##   ##  ##       ##
     ######    ##  ########  ######   ########  #########  ######  ######
     ##        ##  ##    ##  ##       ##     ## ##     ##       ## ##
     ##       #### ##     ## ######## ########  ##     ##  ######  ########

You're about to initialize a Firebase project in this directory:

  C:\Users\angle\Desktop\React\munjang-space

Before we get started, keep in mind:

  * You are initializing within an existing Firebase project directory

[debug] [2024-02-05T14:33:20.480Z] <<< [apiv2][status] GET https://firebase-public.firebaseio.com/cli.json 200
[debug] [2024-02-05T14:33:20.480Z] <<< [apiv2][body] GET https://firebase-public.firebaseio.com/cli.json {"cloudBuildErrorAfter":1594252800000,"cloudBuildWarnAfter":1590019200000,"defaultNode10After":1594252800000,"minVersion":"3.0.5","node8DeploysDisabledAfter":1613390400000,"node8RuntimeDisabledAfter":1615809600000,"node8WarnAfter":1600128000000}
